<?xml version="1.0" encoding="UTF-8"?>
<!-- Generated by org.testng.reporters.JUnitReportReporter -->
<testsuite skipped="0" hostname="SANGANA" name="sample.Test1" tests="1" failures="0" timestamp="2023-03-21T11:22:24 IST" time="143.179" errors="0">
  <testcase name="method" time="143.179" classname="sample.Test1"/>
  <system-out/>
</testsuite> <!-- sample.Test1 -->
